\BOOKMARK [0][-]{chapter*.2}{Introduction}{}% 1
\BOOKMARK [0][-]{chapter.1}{Extenders and potential premice}{}% 2
\BOOKMARK [1][-]{section.1.1}{Extenders}{chapter.1}% 3
\BOOKMARK [1][-]{section.1.2}{Sequences of extenders}{chapter.1}% 4
\BOOKMARK [0][-]{chapter.2}{Fine structure and premice}{}% 5
\BOOKMARK [1][-]{section.2.1}{Restricted formulas and hulls}{chapter.2}% 6
\BOOKMARK [1][-]{section.2.2}{Projecta, parameters and cores}{chapter.2}% 7
\BOOKMARK [1][-]{section.2.3}{Premice}{chapter.2}% 8
\BOOKMARK [0][-]{chapter.3}{Fine ultrapowers}{}% 9
\BOOKMARK [1][-]{section.3.1}{\225os' Theorem}{chapter.3}% 10
\BOOKMARK [1][-]{section.3.2}{The ultrapower embedding is an n-embedding}{chapter.3}% 11
\BOOKMARK [1][-]{section.3.3}{Preserving degree n+1 fine structure}{chapter.3}% 12
\BOOKMARK [0][-]{chapter.4}{Iterability and mice}{}% 13
\BOOKMARK [1][-]{section.4.1}{Iteration trees and mice}{chapter.4}% 14
\BOOKMARK [1][-]{section.4.2}{Comparison}{chapter.4}% 15
\BOOKMARK [1][-]{section.4.3}{Copying construction}{chapter.4}% 16
\BOOKMARK [1][-]{section.4.4}{Dodd-Jensen Lemma}{chapter.4}% 17
\BOOKMARK [0][-]{chapter.5}{Condensation and solidity}{}% 18
\BOOKMARK [1][-]{section.5.1}{Condensation}{chapter.5}% 19
\BOOKMARK [1][-]{section.5.2}{Solidity}{chapter.5}% 20
\BOOKMARK [0][-]{chapter.6}{Robust Kc-constructions}{}% 21
\BOOKMARK [1][-]{section.6.1}{Robustness}{chapter.6}% 22
\BOOKMARK [1][-]{section.6.2}{Iterability of robust Kc}{chapter.6}% 23
\BOOKMARK [0][-]{chapter.7}{Pseudo-K}{}% 24
\BOOKMARK [1][-]{section.7.1}{Weasels and stability}{chapter.7}% 25
\BOOKMARK [1][-]{section.7.2}{Thickness}{chapter.7}% 26
\BOOKMARK [1][-]{section.7.3}{Definition of Pseudo-K}{chapter.7}% 27
\BOOKMARK [0][-]{chapter.8}{K below a Woodin}{}% 28
\BOOKMARK [1][-]{section.8.1}{The hull property}{chapter.8}% 29
\BOOKMARK [1][-]{section.8.2}{The thick trick}{chapter.8}% 30
\BOOKMARK [1][-]{section.8.3}{Weak covering}{chapter.8}% 31
\BOOKMARK [1][-]{section.8.4}{Definition of K}{chapter.8}% 32
\BOOKMARK [0][-]{chapter*.3}{References}{}% 33
